2025-05-15 16:37:03.261 [info] [main] Log level: Info
2025-05-15 16:37:03.261 [info] [main] Validating found git in: "git"
2025-05-15 16:37:03.261 [info] [main] Using git "2.49.0" from "git"
2025-05-15 16:37:03.261 [info] [Model][doInitialScan] Initial repository scan started
2025-05-15 16:37:03.261 [info] > git rev-parse --show-toplevel [5ms]
2025-05-15 16:37:03.261 [info] fatal: not a git repository (or any of the parent directories): .git
2025-05-15 16:37:03.261 [info] > git rev-parse --show-toplevel [5ms]
2025-05-15 16:37:03.261 [info] fatal: not a git repository (or any of the parent directories): .git
2025-05-15 16:37:03.268 [info] > git rev-parse --show-toplevel [1ms]
2025-05-15 16:37:03.268 [info] fatal: not a git repository (or any of the parent directories): .git
2025-05-15 16:37:03.274 [info] > git rev-parse --show-toplevel [0ms]
2025-05-15 16:37:03.274 [info] fatal: not a git repository (or any of the parent directories): .git
2025-05-15 16:37:03.278 [info] > git rev-parse --show-toplevel [1ms]
2025-05-15 16:37:03.278 [info] fatal: not a git repository (or any of the parent directories): .git
2025-05-15 16:37:03.283 [info] > git rev-parse --show-toplevel [1ms]
2025-05-15 16:37:03.283 [info] fatal: not a git repository (or any of the parent directories): .git
2025-05-15 16:37:03.288 [info] > git rev-parse --show-toplevel [1ms]
2025-05-15 16:37:03.288 [info] fatal: not a git repository (or any of the parent directories): .git
2025-05-15 16:37:03.293 [info] > git rev-parse --show-toplevel [1ms]
2025-05-15 16:37:03.293 [info] fatal: not a git repository (or any of the parent directories): .git
2025-05-15 16:37:03.297 [info] > git rev-parse --show-toplevel [0ms]
2025-05-15 16:37:03.297 [info] fatal: not a git repository (or any of the parent directories): .git
2025-05-15 16:37:03.302 [info] > git rev-parse --show-toplevel [1ms]
2025-05-15 16:37:03.302 [info] fatal: not a git repository (or any of the parent directories): .git
2025-05-15 16:37:03.307 [info] > git rev-parse --show-toplevel [1ms]
2025-05-15 16:37:03.307 [info] fatal: not a git repository (or any of the parent directories): .git
2025-05-15 16:37:03.311 [info] > git rev-parse --show-toplevel [1ms]
2025-05-15 16:37:03.311 [info] fatal: not a git repository (or any of the parent directories): .git
2025-05-15 16:37:03.316 [info] > git rev-parse --show-toplevel [1ms]
2025-05-15 16:37:03.316 [info] fatal: not a git repository (or any of the parent directories): .git
2025-05-15 16:37:03.321 [info] > git rev-parse --show-toplevel [1ms]
2025-05-15 16:37:03.321 [info] fatal: not a git repository (or any of the parent directories): .git
2025-05-15 16:37:03.326 [info] > git rev-parse --show-toplevel [0ms]
2025-05-15 16:37:03.326 [info] fatal: not a git repository (or any of the parent directories): .git
2025-05-15 16:37:03.331 [info] > git rev-parse --show-toplevel [1ms]
2025-05-15 16:37:03.331 [info] fatal: not a git repository (or any of the parent directories): .git
2025-05-15 16:37:03.336 [info] > git rev-parse --show-toplevel [1ms]
2025-05-15 16:37:03.336 [info] fatal: not a git repository (or any of the parent directories): .git
2025-05-15 16:37:03.336 [info] [Model][doInitialScan] Initial repository scan completed - repositories (0), closed repositories (0), parent repositories (0), unsafe repositories (0)
2025-05-15 16:37:04.738 [info] > git rev-parse --show-toplevel [1ms]
2025-05-15 16:37:04.738 [info] fatal: not a git repository (or any of the parent directories): .git
2025-05-15 16:37:40.688 [info] > git rev-parse --show-toplevel [3ms]
2025-05-15 16:37:40.688 [info] fatal: not a git repository (or any of the parent directories): .git
2025-05-15 16:37:44.822 [info] > git rev-parse --show-toplevel [1ms]
2025-05-15 16:37:44.822 [info] fatal: not a git repository (or any of the parent directories): .git
2025-05-15 16:37:56.861 [info] > git rev-parse --show-toplevel [1ms]
2025-05-15 16:37:56.861 [info] fatal: not a git repository (or any of the parent directories): .git
2025-05-15 16:38:49.833 [info] > git rev-parse --show-toplevel [1ms]
2025-05-15 16:38:49.833 [info] fatal: not a git repository (or any of the parent directories): .git
2025-05-15 16:41:06.571 [info] > git rev-parse --show-toplevel [1ms]
2025-05-15 16:41:06.571 [info] fatal: not a git repository (or any of the parent directories): .git
